La génération a démarré 18.11.2012 17:25:56.
     1>Projet "C:\Users\Raphaël\Documents\EPFL\Introduction_to_Computer_Graphics\Projets\Grass_Rendering\Framework\visualstudio\02-SolarViewer\02-SolarViewer\02-SolarViewer.vcxproj" sur le nœud 2 (Build cible(s)).
     1>ClCompile:
         C:\Program Files (x86)\Microsoft Visual Studio 11.0\VC\bin\CL.exe /c /I"C:\Users\Raphaël\Documents\EPFL\Introduction_to_Computer_Graphics\Projets\Grass_Rendering\Framework\visualstudio\02-SolarViewer\\..\libs" /Zi /nologo /W3 /WX- /O2 /Oy- /GL /D WIN32 /D NDEBUG /D _CONSOLE /D _USE_MATH_DEFINES /D _UNICODE /D UNICODE /Gm- /EHsc /MD /GS /fp:precise /Zc:wchar_t /Zc:forScope /Fo"Release\\" /Fd"Release\vc110.pdb" /Gd /TP /analyze- /errorReport:prompt ..\..\..\src\gl\fbo.cpp ..\..\..\src\gl\GlutViewer.cpp ..\..\..\src\gl\Mesh3D.cpp ..\..\..\src\gl\shader.cpp ..\..\..\src\gl\texture.cpp ..\..\..\src\gl\TrackballViewer.cpp ..\..\..\src\GrassRendering\main.cpp ..\..\..\src\GrassRendering\GrassRendering.cpp
         fbo.cpp
         GlutViewer.cpp
         Mesh3D.cpp
         shader.cpp
         texture.cpp
         TrackballViewer.cpp
         main.cpp
         GrassRendering.cpp
       Link:
         C:\Program Files (x86)\Microsoft Visual Studio 11.0\VC\bin\link.exe /ERRORREPORT:PROMPT /OUT:"C:\Users\Raphaël\Documents\EPFL\Introduction_to_Computer_Graphics\Projets\Grass_Rendering\Framework\visualstudio\02-SolarViewer\Release\GrassRendering.exe" /INCREMENTAL:NO /NOLOGO /LIBPATH:"C:\Users\Raphaël\Documents\EPFL\Introduction_to_Computer_Graphics\Projets\Grass_Rendering\Framework\visualstudio\02-SolarViewer\\..\libs" glut32.lib glew32.lib kernel32.lib user32.lib gdi32.lib winspool.lib comdlg32.lib advapi32.lib shell32.lib ole32.lib oleaut32.lib uuid.lib odbc32.lib odbccp32.lib /MANIFEST /MANIFESTUAC:"level='asInvoker' uiAccess='false'" /manifest:embed /DEBUG /PDB:"C:\Users\Raphaël\Documents\EPFL\Introduction_to_Computer_Graphics\Projets\Grass_Rendering\Framework\visualstudio\02-SolarViewer\Release\GrassRendering.pdb" /SUBSYSTEM:CONSOLE /OPT:REF /OPT:ICF /LTCG /TLBID:1 /DYNAMICBASE /NXCOMPAT /IMPLIB:"C:\Users\Raphaël\Documents\EPFL\Introduction_to_Computer_Graphics\Projets\Grass_Rendering\Framework\visualstudio\02-SolarViewer\Release\GrassRendering.lib" /MACHINE:X86 /SAFESEH Release\fbo.obj
         Release\GlutViewer.obj
         Release\Mesh3D.obj
         Release\shader.obj
         Release\texture.obj
         Release\TrackballViewer.obj
         Release\main.obj
         Release\GrassRendering.obj
         Génération de code en cours
         Fin de la génération du code
         02-SolarViewer.vcxproj -> C:\Users\Raphaël\Documents\EPFL\Introduction_to_Computer_Graphics\Projets\Grass_Rendering\Framework\visualstudio\02-SolarViewer\Release\GrassRendering.exe
     1>Génération du projet "C:\Users\Raphaël\Documents\EPFL\Introduction_to_Computer_Graphics\Projets\Grass_Rendering\Framework\visualstudio\02-SolarViewer\02-SolarViewer\02-SolarViewer.vcxproj" terminée (Build cible(s)).

La génération a réussi.

Temps écoulé 00:00:13.12
