C:\USERS\RAPHAëL\DOCUMENTS\EPFL\INTRODUCTION_TO_COMPUTER_GRAPHICS\PROJETS\GRASS_RENDERING\FRAMEWORK\VISUALSTUDIO\02-SOLARVIEWER\02-SOLARVIEWER\RELEASE\GRASSRENDERING.OBJ
C:\USERS\RAPHAëL\DOCUMENTS\EPFL\INTRODUCTION_TO_COMPUTER_GRAPHICS\PROJETS\GRASS_RENDERING\FRAMEWORK\VISUALSTUDIO\02-SOLARVIEWER\02-SOLARVIEWER\RELEASE\MAIN.OBJ
C:\USERS\RAPHAëL\DOCUMENTS\EPFL\INTRODUCTION_TO_COMPUTER_GRAPHICS\PROJETS\GRASS_RENDERING\FRAMEWORK\VISUALSTUDIO\02-SOLARVIEWER\02-SOLARVIEWER\RELEASE\TRACKBALLVIEWER.OBJ
C:\USERS\RAPHAëL\DOCUMENTS\EPFL\INTRODUCTION_TO_COMPUTER_GRAPHICS\PROJETS\GRASS_RENDERING\FRAMEWORK\VISUALSTUDIO\02-SOLARVIEWER\02-SOLARVIEWER\RELEASE\TEXTURE.OBJ
C:\USERS\RAPHAëL\DOCUMENTS\EPFL\INTRODUCTION_TO_COMPUTER_GRAPHICS\PROJETS\GRASS_RENDERING\FRAMEWORK\VISUALSTUDIO\02-SOLARVIEWER\02-SOLARVIEWER\RELEASE\SHADER.OBJ
C:\USERS\RAPHAëL\DOCUMENTS\EPFL\INTRODUCTION_TO_COMPUTER_GRAPHICS\PROJETS\GRASS_RENDERING\FRAMEWORK\VISUALSTUDIO\02-SOLARVIEWER\02-SOLARVIEWER\RELEASE\MESH3D.OBJ
C:\USERS\RAPHAëL\DOCUMENTS\EPFL\INTRODUCTION_TO_COMPUTER_GRAPHICS\PROJETS\GRASS_RENDERING\FRAMEWORK\VISUALSTUDIO\02-SOLARVIEWER\02-SOLARVIEWER\RELEASE\GLUTVIEWER.OBJ
C:\USERS\RAPHAëL\DOCUMENTS\EPFL\INTRODUCTION_TO_COMPUTER_GRAPHICS\PROJETS\GRASS_RENDERING\FRAMEWORK\VISUALSTUDIO\02-SOLARVIEWER\02-SOLARVIEWER\RELEASE\FBO.OBJ
C:\USERS\RAPHAËL\DOCUMENTS\EPFL\INTRODUCTION_TO_COMPUTER_GRAPHICS\PROJETS\GRASS_RENDERING\FRAMEWORK\VISUALSTUDIO\02-SOLARVIEWER\02-SOLARVIEWER\RELEASE\VC110.PDB
C:\USERS\RAPHAëL\DOCUMENTS\EPFL\INTRODUCTION_TO_COMPUTER_GRAPHICS\PROJETS\GRASS_RENDERING\FRAMEWORK\VISUALSTUDIO\02-SOLARVIEWER\RELEASE\GRASSRENDERING.EXE
C:\USERS\RAPHAËL\DOCUMENTS\EPFL\INTRODUCTION_TO_COMPUTER_GRAPHICS\PROJETS\GRASS_RENDERING\FRAMEWORK\VISUALSTUDIO\02-SOLARVIEWER\RELEASE\GRASSRENDERING.PDB
C:\Users\Raphaël\Documents\EPFL\Introduction_to_Computer_Graphics\Projets\Grass_Rendering\Framework\visualstudio\02-SolarViewer\02-SolarViewer\Release\fbo.obj
C:\Users\Raphaël\Documents\EPFL\Introduction_to_Computer_Graphics\Projets\Grass_Rendering\Framework\visualstudio\02-SolarViewer\02-SolarViewer\Release\GlutViewer.obj
C:\Users\Raphaël\Documents\EPFL\Introduction_to_Computer_Graphics\Projets\Grass_Rendering\Framework\visualstudio\02-SolarViewer\02-SolarViewer\Release\GrassRendering.obj
C:\Users\Raphaël\Documents\EPFL\Introduction_to_Computer_Graphics\Projets\Grass_Rendering\Framework\visualstudio\02-SolarViewer\02-SolarViewer\Release\main.obj
C:\Users\Raphaël\Documents\EPFL\Introduction_to_Computer_Graphics\Projets\Grass_Rendering\Framework\visualstudio\02-SolarViewer\02-SolarViewer\Release\Mesh3D.obj
C:\Users\Raphaël\Documents\EPFL\Introduction_to_Computer_Graphics\Projets\Grass_Rendering\Framework\visualstudio\02-SolarViewer\02-SolarViewer\Release\shader.obj
C:\Users\Raphaël\Documents\EPFL\Introduction_to_Computer_Graphics\Projets\Grass_Rendering\Framework\visualstudio\02-SolarViewer\02-SolarViewer\Release\texture.obj
C:\Users\Raphaël\Documents\EPFL\Introduction_to_Computer_Graphics\Projets\Grass_Rendering\Framework\visualstudio\02-SolarViewer\02-SolarViewer\Release\TrackballViewer.obj
C:\Users\Raphaël\Documents\EPFL\Introduction_to_Computer_Graphics\Projets\Grass_Rendering\Framework\visualstudio\02-SolarViewer\02-SolarViewer\Release\cl.command.1.tlog
C:\Users\Raphaël\Documents\EPFL\Introduction_to_Computer_Graphics\Projets\Grass_Rendering\Framework\visualstudio\02-SolarViewer\02-SolarViewer\Release\CL.read.1.tlog
C:\Users\Raphaël\Documents\EPFL\Introduction_to_Computer_Graphics\Projets\Grass_Rendering\Framework\visualstudio\02-SolarViewer\02-SolarViewer\Release\CL.write.1.tlog
C:\Users\Raphaël\Documents\EPFL\Introduction_to_Computer_Graphics\Projets\Grass_Rendering\Framework\visualstudio\02-SolarViewer\02-SolarViewer\Release\link-cvtres.read.1.tlog
C:\Users\Raphaël\Documents\EPFL\Introduction_to_Computer_Graphics\Projets\Grass_Rendering\Framework\visualstudio\02-SolarViewer\02-SolarViewer\Release\link-cvtres.write.1.tlog
C:\Users\Raphaël\Documents\EPFL\Introduction_to_Computer_Graphics\Projets\Grass_Rendering\Framework\visualstudio\02-SolarViewer\02-SolarViewer\Release\link-rc.read.1.tlog
C:\Users\Raphaël\Documents\EPFL\Introduction_to_Computer_Graphics\Projets\Grass_Rendering\Framework\visualstudio\02-SolarViewer\02-SolarViewer\Release\link-rc.write.1.tlog
C:\Users\Raphaël\Documents\EPFL\Introduction_to_Computer_Graphics\Projets\Grass_Rendering\Framework\visualstudio\02-SolarViewer\02-SolarViewer\Release\link.command.1.tlog
C:\Users\Raphaël\Documents\EPFL\Introduction_to_Computer_Graphics\Projets\Grass_Rendering\Framework\visualstudio\02-SolarViewer\02-SolarViewer\Release\link.read.1.tlog
C:\Users\Raphaël\Documents\EPFL\Introduction_to_Computer_Graphics\Projets\Grass_Rendering\Framework\visualstudio\02-SolarViewer\02-SolarViewer\Release\link.write.1.tlog
C:\Users\Raphaël\Documents\EPFL\Introduction_to_Computer_Graphics\Projets\Grass_Rendering\Framework\visualstudio\02-SolarViewer\02-SolarViewer\Release\vc110.pdb
C:\Users\Raphaël\Documents\EPFL\Introduction_to_Computer_Graphics\Projets\Grass_Rendering\Framework\visualstudio\02-SolarViewer\Release\GrassRendering.pdb
C:\Users\Raphaël\Documents\EPFL\Introduction_to_Computer_Graphics\Projets\Grass_Rendering\Framework\visualstudio\02-SolarViewer\Release\GrassRendering.exe
